[0.102s] Invoking command in '/home/ros12/turtlebot3_ws/build/turtlebot3_fake_node': CMAKE_PREFIX_PATH=/opt/ros/humble /usr/bin/cmake /home/ros12/turtlebot3_ws/src/turtlebot3_simulations/turtlebot3_fake_node -DAMENT_CMAKE_SYMLINK_INSTALL=1 -DCMAKE_INSTALL_PREFIX=/home/ros12/turtlebot3_ws/install/turtlebot3_fake_node
[3.266s] -- The C compiler identification is GNU 11.4.0
[5.180s] -- The CXX compiler identification is GNU 11.4.0
[5.431s] -- Detecting C compiler ABI info
[6.419s] -- Detecting C compiler ABI info - done
[6.468s] -- Check for working C compiler: /usr/bin/cc - skipped
[6.468s] -- Detecting C compile features
[6.538s] -- Detecting C compile features - done
[6.752s] -- Detecting CXX compiler ABI info
[7.863s] -- Detecting CXX compiler ABI info - done
[7.863s] -- Check for working CXX compiler: /usr/bin/c++ - skipped
[7.864s] -- Detecting CXX compile features
[7.865s] -- Detecting CXX compile features - done
[8.415s] -- Found ament_cmake: 1.3.10 (/opt/ros/humble/share/ament_cmake/cmake)
[9.360s] -- Found Python3: /usr/bin/python3 (found version "3.10.12") found components: Interpreter 
[10.077s] -- Override CMake install command with custom implementation using symlinks instead of copying resources
[10.798s] -- Found geometry_msgs: 4.2.4 (/opt/ros/humble/share/geometry_msgs/cmake)
[12.057s] -- Found rosidl_generator_c: 3.1.5 (/opt/ros/humble/share/rosidl_generator_c/cmake)
[12.184s] -- Found rosidl_adapter: 3.1.5 (/opt/ros/humble/share/rosidl_adapter/cmake)
[12.514s] -- Found rosidl_generator_cpp: 3.1.5 (/opt/ros/humble/share/rosidl_generator_cpp/cmake)
[13.042s] -- Using all available rosidl_typesupport_c: rosidl_typesupport_fastrtps_c;rosidl_typesupport_introspection_c
[13.402s] -- Using all available rosidl_typesupport_cpp: rosidl_typesupport_fastrtps_cpp;rosidl_typesupport_introspection_cpp
[14.444s] -- Found nav_msgs: 4.2.4 (/opt/ros/humble/share/nav_msgs/cmake)
[14.800s] -- Found rclcpp: 16.0.10 (/opt/ros/humble/share/rclcpp/cmake)
[16.016s] -- Found rmw_implementation_cmake: 6.1.2 (/opt/ros/humble/share/rmw_implementation_cmake/cmake)
[16.249s] -- Found rmw_fastrtps_cpp: 6.2.7 (/opt/ros/humble/share/rmw_fastrtps_cpp/cmake)
[17.793s] -- Found OpenSSL: /usr/lib/x86_64-linux-gnu/libcrypto.so (found version "3.0.2")  
[18.035s] -- Found FastRTPS: /opt/ros/humble/include  
[18.405s] -- Using RMW implementation 'rmw_fastrtps_cpp' as default
[18.653s] -- Looking for pthread.h
[19.623s] -- Looking for pthread.h - found
[19.623s] -- Performing Test CMAKE_HAVE_LIBC_PTHREAD
[20.356s] -- Performing Test CMAKE_HAVE_LIBC_PTHREAD - Success
[20.372s] -- Found Threads: TRUE  
[21.288s] -- Found sensor_msgs: 4.2.4 (/opt/ros/humble/share/sensor_msgs/cmake)
[21.809s] -- Found tf2: 0.25.8 (/opt/ros/humble/share/tf2/cmake)
[21.992s] -- Found tf2_msgs: 0.25.8 (/opt/ros/humble/share/tf2_msgs/cmake)
[23.176s] -- Found turtlebot3_msgs: 2.2.3 (/opt/ros/humble/share/turtlebot3_msgs/cmake)
[23.930s] -- Configuring done
[24.061s] -- Generating done
[24.080s] -- Build files have been written to: /home/ros12/turtlebot3_ws/build/turtlebot3_fake_node
[24.186s] Invoked command in '/home/ros12/turtlebot3_ws/build/turtlebot3_fake_node' returned '0': CMAKE_PREFIX_PATH=/opt/ros/humble /usr/bin/cmake /home/ros12/turtlebot3_ws/src/turtlebot3_simulations/turtlebot3_fake_node -DAMENT_CMAKE_SYMLINK_INSTALL=1 -DCMAKE_INSTALL_PREFIX=/home/ros12/turtlebot3_ws/install/turtlebot3_fake_node
[24.187s] Invoking command in '/home/ros12/turtlebot3_ws/build/turtlebot3_fake_node': CMAKE_PREFIX_PATH=/opt/ros/humble /usr/bin/cmake --build /home/ros12/turtlebot3_ws/build/turtlebot3_fake_node -- -j2 -l2
[24.657s] [ 50%] [32mBuilding CXX object CMakeFiles/turtlebot3_fake_node.dir/src/turtlebot3_fake_node.cpp.o[0m
[105.171s] [100%] [32m[1mLinking CXX executable turtlebot3_fake_node[0m
[111.516s] [100%] Built target turtlebot3_fake_node
[111.649s] Invoked command in '/home/ros12/turtlebot3_ws/build/turtlebot3_fake_node' returned '0': CMAKE_PREFIX_PATH=/opt/ros/humble /usr/bin/cmake --build /home/ros12/turtlebot3_ws/build/turtlebot3_fake_node -- -j2 -l2
[111.990s] Invoking command in '/home/ros12/turtlebot3_ws/build/turtlebot3_fake_node': CMAKE_PREFIX_PATH=/opt/ros/humble /usr/bin/cmake --install /home/ros12/turtlebot3_ws/build/turtlebot3_fake_node
[112.062s] -- Install configuration: ""
[112.133s] -- Execute custom install script
[112.195s] -- Symlinking: /home/ros12/turtlebot3_ws/install/turtlebot3_fake_node/lib/turtlebot3_fake_node/turtlebot3_fake_node
[112.317s] -- Symlinking: /home/ros12/turtlebot3_ws/install/turtlebot3_fake_node/share/turtlebot3_fake_node/launch/rviz2.launch.py
[112.362s] -- Symlinking: /home/ros12/turtlebot3_ws/install/turtlebot3_fake_node/share/turtlebot3_fake_node/launch/turtlebot3_fake_node.launch.py
[112.502s] -- Symlinking: /home/ros12/turtlebot3_ws/install/turtlebot3_fake_node/share/turtlebot3_fake_node/param/burger.yaml
[112.550s] -- Symlinking: /home/ros12/turtlebot3_ws/install/turtlebot3_fake_node/share/turtlebot3_fake_node/param/waffle.yaml
[112.581s] -- Symlinking: /home/ros12/turtlebot3_ws/install/turtlebot3_fake_node/share/turtlebot3_fake_node/param/waffle_pi.yaml
[112.661s] -- Symlinking: /home/ros12/turtlebot3_ws/install/turtlebot3_fake_node/include//turtlebot3_fake_node/turtlebot3_fake_node.hpp
[112.708s] -- Symlinking: /home/ros12/turtlebot3_ws/install/turtlebot3_fake_node/share/ament_index/resource_index/package_run_dependencies/turtlebot3_fake_node
[112.791s] -- Symlinking: /home/ros12/turtlebot3_ws/install/turtlebot3_fake_node/share/ament_index/resource_index/parent_prefix_path/turtlebot3_fake_node
[112.903s] -- Symlinking: /home/ros12/turtlebot3_ws/install/turtlebot3_fake_node/share/turtlebot3_fake_node/environment/ament_prefix_path.sh
[112.946s] -- Symlinking: /home/ros12/turtlebot3_ws/install/turtlebot3_fake_node/share/turtlebot3_fake_node/environment/ament_prefix_path.dsv
[112.980s] -- Symlinking: /home/ros12/turtlebot3_ws/install/turtlebot3_fake_node/share/turtlebot3_fake_node/environment/path.sh
[113.028s] -- Symlinking: /home/ros12/turtlebot3_ws/install/turtlebot3_fake_node/share/turtlebot3_fake_node/environment/path.dsv
[113.093s] -- Symlinking: /home/ros12/turtlebot3_ws/install/turtlebot3_fake_node/share/turtlebot3_fake_node/local_setup.bash
[113.094s] -- Symlinking: /home/ros12/turtlebot3_ws/install/turtlebot3_fake_node/share/turtlebot3_fake_node/local_setup.sh
[113.125s] -- Symlinking: /home/ros12/turtlebot3_ws/install/turtlebot3_fake_node/share/turtlebot3_fake_node/local_setup.zsh
[113.147s] -- Symlinking: /home/ros12/turtlebot3_ws/install/turtlebot3_fake_node/share/turtlebot3_fake_node/local_setup.dsv
[113.170s] -- Symlinking: /home/ros12/turtlebot3_ws/install/turtlebot3_fake_node/share/turtlebot3_fake_node/package.dsv
[113.217s] -- Symlinking: /home/ros12/turtlebot3_ws/install/turtlebot3_fake_node/share/ament_index/resource_index/packages/turtlebot3_fake_node
[113.261s] -- Symlinking: /home/ros12/turtlebot3_ws/install/turtlebot3_fake_node/share/turtlebot3_fake_node/cmake/ament_cmake_export_include_directories-extras.cmake
[113.289s] -- Symlinking: /home/ros12/turtlebot3_ws/install/turtlebot3_fake_node/share/turtlebot3_fake_node/cmake/ament_cmake_export_dependencies-extras.cmake
[113.336s] -- Symlinking: /home/ros12/turtlebot3_ws/install/turtlebot3_fake_node/share/turtlebot3_fake_node/cmake/turtlebot3_fake_nodeConfig.cmake
[113.387s] -- Symlinking: /home/ros12/turtlebot3_ws/install/turtlebot3_fake_node/share/turtlebot3_fake_node/cmake/turtlebot3_fake_nodeConfig-version.cmake
[113.409s] -- Symlinking: /home/ros12/turtlebot3_ws/install/turtlebot3_fake_node/share/turtlebot3_fake_node/package.xml
[113.457s] Invoked command in '/home/ros12/turtlebot3_ws/build/turtlebot3_fake_node' returned '0': CMAKE_PREFIX_PATH=/opt/ros/humble /usr/bin/cmake --install /home/ros12/turtlebot3_ws/build/turtlebot3_fake_node
