[0.276s] Invoking command in '/home/ros12/turtlebot3_ws/build/turtlebot3_gazebo': CMAKE_PREFIX_PATH=/opt/ros/humble /usr/bin/cmake /home/ros12/turtlebot3_ws/src/turtlebot3_simulations/turtlebot3_gazebo -DAMENT_CMAKE_SYMLINK_INSTALL=1 -DCMAKE_INSTALL_PREFIX=/home/ros12/turtlebot3_ws/install/turtlebot3_gazebo
[3.236s] -- The C compiler identification is GNU 11.4.0
[5.147s] -- The CXX compiler identification is GNU 11.4.0
[5.390s] -- Detecting C compiler ABI info
[6.525s] -- Detecting C compiler ABI info - done
[6.705s] -- Check for working C compiler: /usr/bin/cc - skipped
[6.706s] -- Detecting C compile features
[6.725s] -- Detecting C compile features - done
[6.769s] -- Detecting CXX compiler ABI info
[8.201s] -- Detecting CXX compiler ABI info - done
[8.282s] -- Check for working CXX compiler: /usr/bin/c++ - skipped
[8.287s] -- Detecting CXX compile features
[8.287s] -- Detecting CXX compile features - done
[8.374s] -- Found ament_cmake: 1.3.10 (/opt/ros/humble/share/ament_cmake/cmake)
[9.307s] -- Found Python3: /usr/bin/python3 (found version "3.10.12") found components: Interpreter 
[10.036s] -- Override CMake install command with custom implementation using symlinks instead of copying resources
[11.341s] [33mCMake Warning (dev) at /usr/share/cmake-3.22/Modules/FindPackageHandleStandardArgs.cmake:438 (message):
[11.341s]   The package name passed to `find_package_handle_standard_args` (PkgConfig)
[11.341s]   does not match the name of the calling package (gazebo).  This can lead to
[11.341s]   problems in calling code that expects `find_package` result variables
[11.341s]   (e.g., `_FOUND`) to follow a certain pattern.
[11.341s] Call Stack (most recent call first):
[11.341s]   /usr/share/cmake-3.22/Modules/FindPkgConfig.cmake:99 (find_package_handle_standard_args)
[11.341s]   /usr/lib/x86_64-linux-gnu/cmake/gazebo/gazebo-config.cmake:72 (include)
[11.341s]   CMakeLists.txt:23 (find_package)
[11.342s] This warning is for project developers.  Use -Wno-dev to suppress it.
[11.342s] [0m
[11.342s] -- Found PkgConfig: /usr/bin/pkg-config (found version "0.29.2") 
[11.431s] -- Checking for module 'bullet>=2.82'
[11.621s] --   Found bullet, version 3.05
[12.757s] -- Found fcl: /usr/include (found suitable version "0.7.0", minimum required is "0.5.0") 
[13.541s] -- Found assimp: /usr/include (found version "5.2.0") 
[14.348s] -- Found DART: /usr/include (Required is at least version "6.6") found components: dart 
[17.052s] -- Found Boost: /usr/lib/x86_64-linux-gnu/cmake/Boost-1.74.0/BoostConfig.cmake (found suitable version "1.74.0", minimum required is "1.40.0") found components: thread system filesystem program_options regex iostreams date_time 
[17.448s] -- Found Protobuf: /usr/lib/x86_64-linux-gnu/libprotobuf.so (found version "3.12.4") 
[17.644s] -- Looking for ignition-math6 -- found version 6.15.1
[17.979s] -- Searching for dependencies of ignition-math6
[18.023s] -- Looking for OGRE...
[18.035s] -- OGRE_PREFIX_WATCH changed.
[18.070s] -- Checking for module 'OGRE'
[18.156s] --   Found OGRE, version 1.9.0
[18.605s] -- Found Ogre Ghadamon (1.9.0)
[18.775s] -- Found OGRE: optimized;/usr/lib/x86_64-linux-gnu/libOgreMain.so;debug;/usr/lib/x86_64-linux-gnu/libOgreMain.so
[18.829s] -- Looking for OGRE_Paging...
[18.919s] -- Found OGRE_Paging: optimized;/usr/lib/x86_64-linux-gnu/libOgrePaging.so;debug;/usr/lib/x86_64-linux-gnu/libOgrePaging.so
[18.921s] -- Looking for OGRE_Terrain...
[18.986s] -- Found OGRE_Terrain: optimized;/usr/lib/x86_64-linux-gnu/libOgreTerrain.so;debug;/usr/lib/x86_64-linux-gnu/libOgreTerrain.so
[18.994s] -- Looking for OGRE_Property...
[19.033s] -- Found OGRE_Property: optimized;/usr/lib/x86_64-linux-gnu/libOgreProperty.so;debug;/usr/lib/x86_64-linux-gnu/libOgreProperty.so
[19.037s] -- Looking for OGRE_RTShaderSystem...
[19.038s] -- Found OGRE_RTShaderSystem: optimized;/usr/lib/x86_64-linux-gnu/libOgreRTShaderSystem.so;debug;/usr/lib/x86_64-linux-gnu/libOgreRTShaderSystem.so
[19.038s] -- Looking for OGRE_Volume...
[19.071s] -- Found OGRE_Volume: optimized;/usr/lib/x86_64-linux-gnu/libOgreVolume.so;debug;/usr/lib/x86_64-linux-gnu/libOgreVolume.so
[19.072s] -- Looking for OGRE_Overlay...
[19.209s] -- Found OGRE_Overlay: optimized;/usr/lib/x86_64-linux-gnu/libOgreOverlay.so;debug;/usr/lib/x86_64-linux-gnu/libOgreOverlay.so
[19.615s] -- Looking for ignition-math6 -- found version 6.15.1
[19.684s] -- Looking for ignition-transport8 -- found version 8.2.1
[19.801s] -- Searching for dependencies of ignition-transport8
[19.886s] -- Found Protobuf: /usr/lib/x86_64-linux-gnu/libprotobuf.so (found suitable version "3.12.4", minimum required is "3") 
[19.950s] -- Config-file not installed for ZeroMQ -- checking for pkg-config
[19.975s] -- Checking for module 'libzmq >= 4'
[20.417s] --   Found libzmq , version 4.3.4
[20.933s] -- Found ZeroMQ: TRUE (Required is at least version "4") 
[20.977s] -- Checking for module 'uuid'
[21.236s] --   Found uuid, version 2.37.2
[21.505s] -- Found UUID: TRUE  
[21.645s] -- Looking for ignition-msgs5 -- found version 5.8.1
[21.645s] -- Searching for dependencies of ignition-msgs5
[21.765s] -- Looking for ignition-math6 -- found version 6.15.1
[21.805s] -- Checking for module 'tinyxml2'
[21.884s] --   Found tinyxml2, version 9.0.0
[22.295s] -- Looking for ignition-msgs5 -- found version 5.8.1
[22.367s] -- Looking for ignition-common3 -- found version 3.14.0
[22.367s] -- Searching for dependencies of ignition-common3
[22.377s] -- Looking for dlfcn.h - found
[22.380s] -- Looking for libdl - found
[22.384s] -- Found DL: TRUE  
[22.609s] -- Found tinyobjloader: /usr/lib/x86_64-linux-gnu/cmake/tinyobjloader/tinyobjloader-config.cmake (found version "2.0.0") 
[22.616s] -- Searching for <ignition-common3> component [graphics]
[22.634s] -- Looking for ignition-common3-graphics -- found version 3.14.0
[22.635s] -- Searching for dependencies of ignition-common3-graphics
[22.637s] -- Looking for ignition-math6 -- found version 6.15.1
[22.680s] -- Looking for ignition-fuel_tools4 -- found version 4.4.0
[22.693s] -- Searching for dependencies of ignition-fuel_tools4
[23.498s] -- Found CURL: /usr/lib/x86_64-linux-gnu/libcurl.so (found version "7.81.0")  
[23.721s] -- Checking for module 'jsoncpp'
[24.010s] --   Found jsoncpp, version 1.9.5
[24.250s] -- Found JSONCPP: TRUE  
[24.413s] -- Checking for module 'libzip'
[24.577s] --   Found libzip, version 1.7.3
[25.037s] -- Found ZIP: TRUE  
[25.040s] -- Looking for ignition-common3 -- found version 3.14.0
[25.045s] -- Looking for ignition-math6 -- found version 6.15.1
[25.066s] -- Looking for ignition-msgs5 -- found version 5.8.1
[25.249s] -- Found gazebo_ros_pkgs: 3.7.0 (/opt/ros/humble/share/gazebo_ros_pkgs/cmake)
[25.249s] -- Found geometry_msgs: 4.2.4 (/opt/ros/humble/share/geometry_msgs/cmake)
[25.363s] -- Found rosidl_generator_c: 3.1.5 (/opt/ros/humble/share/rosidl_generator_c/cmake)
[25.366s] -- Found rosidl_adapter: 3.1.5 (/opt/ros/humble/share/rosidl_adapter/cmake)
[25.431s] -- Found rosidl_generator_cpp: 3.1.5 (/opt/ros/humble/share/rosidl_generator_cpp/cmake)
[25.467s] -- Using all available rosidl_typesupport_c: rosidl_typesupport_fastrtps_c;rosidl_typesupport_introspection_c
[25.558s] -- Using all available rosidl_typesupport_cpp: rosidl_typesupport_fastrtps_cpp;rosidl_typesupport_introspection_cpp
[25.661s] -- Found nav_msgs: 4.2.4 (/opt/ros/humble/share/nav_msgs/cmake)
[25.661s] -- Found rclcpp: 16.0.10 (/opt/ros/humble/share/rclcpp/cmake)
[25.719s] -- Found rmw_implementation_cmake: 6.1.2 (/opt/ros/humble/share/rmw_implementation_cmake/cmake)
[25.723s] -- Found rmw_fastrtps_cpp: 6.2.7 (/opt/ros/humble/share/rmw_fastrtps_cpp/cmake)
[26.425s] -- Found OpenSSL: /usr/lib/x86_64-linux-gnu/libcrypto.so (found version "3.0.2")  
[26.524s] -- Found FastRTPS: /opt/ros/humble/include  
[26.749s] -- Using RMW implementation 'rmw_fastrtps_cpp' as default
[26.799s] -- Found Threads: TRUE  
[26.935s] -- Found sensor_msgs: 4.2.4 (/opt/ros/humble/share/sensor_msgs/cmake)
[27.058s] -- Found tf2: 0.25.8 (/opt/ros/humble/share/tf2/cmake)
[27.350s] -- Configuring done
[28.374s] -- Generating done
[28.422s] -- Build files have been written to: /home/ros12/turtlebot3_ws/build/turtlebot3_gazebo
[28.497s] Invoked command in '/home/ros12/turtlebot3_ws/build/turtlebot3_gazebo' returned '0': CMAKE_PREFIX_PATH=/opt/ros/humble /usr/bin/cmake /home/ros12/turtlebot3_ws/src/turtlebot3_simulations/turtlebot3_gazebo -DAMENT_CMAKE_SYMLINK_INSTALL=1 -DCMAKE_INSTALL_PREFIX=/home/ros12/turtlebot3_ws/install/turtlebot3_gazebo
[28.497s] Invoking command in '/home/ros12/turtlebot3_ws/build/turtlebot3_gazebo': CMAKE_PREFIX_PATH=/opt/ros/humble /usr/bin/cmake --build /home/ros12/turtlebot3_ws/build/turtlebot3_gazebo -- -j2 -l2
[29.223s] [ 12%] [32mBuilding CXX object CMakeFiles/turtlebot3_drive.dir/src/turtlebot3_drive.cpp.o[0m
[108.435s] [ 25%] [32m[1mLinking CXX executable turtlebot3_drive[0m
[111.522s] [ 25%] Built target turtlebot3_drive
[111.927s] [ 37%] [32mBuilding CXX object CMakeFiles/obstacle1.dir/models/turtlebot3_dqn_world/obstacle_plugin/obstacle1.cc.o[0m
[156.315s] [ 50%] [32m[1mLinking CXX shared library libobstacle1.so[0m
[158.555s] [ 50%] Built target obstacle1
[158.747s] [ 62%] [32mBuilding CXX object CMakeFiles/obstacle2.dir/models/turtlebot3_dqn_world/obstacle_plugin/obstacle2.cc.o[0m
[176.970s] [ 75%] [32m[1mLinking CXX shared library libobstacle2.so[0m
[177.600s] [ 75%] Built target obstacle2
[177.732s] [ 87%] [32mBuilding CXX object CMakeFiles/obstacles.dir/models/turtlebot3_dqn_world/obstacle_plugin/obstacles.cc.o[0m
[202.201s] [100%] [32m[1mLinking CXX shared library libobstacles.so[0m
[202.904s] [100%] Built target obstacles
[202.936s] Invoked command in '/home/ros12/turtlebot3_ws/build/turtlebot3_gazebo' returned '0': CMAKE_PREFIX_PATH=/opt/ros/humble /usr/bin/cmake --build /home/ros12/turtlebot3_ws/build/turtlebot3_gazebo -- -j2 -l2
[203.253s] Invoking command in '/home/ros12/turtlebot3_ws/build/turtlebot3_gazebo': CMAKE_PREFIX_PATH=/opt/ros/humble /usr/bin/cmake --install /home/ros12/turtlebot3_ws/build/turtlebot3_gazebo
[203.302s] -- Install configuration: ""
[203.374s] -- Execute custom install script
[203.374s] -- Symlinking: /home/ros12/turtlebot3_ws/install/turtlebot3_gazebo/lib/turtlebot3_gazebo/turtlebot3_drive
[203.382s] -- Symlinking: /home/ros12/turtlebot3_ws/install/turtlebot3_gazebo/share/turtlebot3_gazebo//launch/empty_world.launch.py
[203.474s] -- Symlinking: /home/ros12/turtlebot3_ws/install/turtlebot3_gazebo/share/turtlebot3_gazebo//launch/robot_state_publisher.launch.py
[203.500s] -- Symlinking: /home/ros12/turtlebot3_ws/install/turtlebot3_gazebo/share/turtlebot3_gazebo//launch/spawn_turtlebot3.launch.py
[203.524s] -- Symlinking: /home/ros12/turtlebot3_ws/install/turtlebot3_gazebo/share/turtlebot3_gazebo//launch/turtlebot3_dqn_stage1.launch.py
[203.556s] -- Symlinking: /home/ros12/turtlebot3_ws/install/turtlebot3_gazebo/share/turtlebot3_gazebo//launch/turtlebot3_dqn_stage2.launch.py
[203.581s] -- Symlinking: /home/ros12/turtlebot3_ws/install/turtlebot3_gazebo/share/turtlebot3_gazebo//launch/turtlebot3_dqn_stage3.launch.py
[203.604s] -- Symlinking: /home/ros12/turtlebot3_ws/install/turtlebot3_gazebo/share/turtlebot3_gazebo//launch/turtlebot3_dqn_stage4.launch.py
[203.628s] -- Symlinking: /home/ros12/turtlebot3_ws/install/turtlebot3_gazebo/share/turtlebot3_gazebo//launch/turtlebot3_house.launch.py
[203.649s] -- Symlinking: /home/ros12/turtlebot3_ws/install/turtlebot3_gazebo/share/turtlebot3_gazebo//launch/turtlebot3_world.launch.py
[203.717s] -- Symlinking: /home/ros12/turtlebot3_ws/install/turtlebot3_gazebo/share/turtlebot3_gazebo//models/turtlebot3_burger/model-1_4.sdf
[203.749s] -- Symlinking: /home/ros12/turtlebot3_ws/install/turtlebot3_gazebo/share/turtlebot3_gazebo//models/turtlebot3_burger/model.config
[203.772s] -- Symlinking: /home/ros12/turtlebot3_ws/install/turtlebot3_gazebo/share/turtlebot3_gazebo//models/turtlebot3_burger/model.sdf
[203.844s] -- Symlinking: /home/ros12/turtlebot3_ws/install/turtlebot3_gazebo/share/turtlebot3_gazebo//models/turtlebot3_common/meshes/burger_base.dae
[203.846s] -- Symlinking: /home/ros12/turtlebot3_ws/install/turtlebot3_gazebo/share/turtlebot3_gazebo//models/turtlebot3_common/meshes/lds.dae
[203.872s] -- Symlinking: /home/ros12/turtlebot3_ws/install/turtlebot3_gazebo/share/turtlebot3_gazebo//models/turtlebot3_common/meshes/r200.dae
[203.901s] -- Symlinking: /home/ros12/turtlebot3_ws/install/turtlebot3_gazebo/share/turtlebot3_gazebo//models/turtlebot3_common/meshes/tire.dae
[203.928s] -- Symlinking: /home/ros12/turtlebot3_ws/install/turtlebot3_gazebo/share/turtlebot3_gazebo//models/turtlebot3_common/meshes/waffle_base.dae
[203.961s] -- Symlinking: /home/ros12/turtlebot3_ws/install/turtlebot3_gazebo/share/turtlebot3_gazebo//models/turtlebot3_common/meshes/waffle_pi_base.dae
[203.985s] -- Symlinking: /home/ros12/turtlebot3_ws/install/turtlebot3_gazebo/share/turtlebot3_gazebo//models/turtlebot3_common/model.config
[204.011s] -- Symlinking: /home/ros12/turtlebot3_ws/install/turtlebot3_gazebo/share/turtlebot3_gazebo//models/turtlebot3_dqn_world/goal_box/model.config
[204.039s] -- Symlinking: /home/ros12/turtlebot3_ws/install/turtlebot3_gazebo/share/turtlebot3_gazebo//models/turtlebot3_dqn_world/goal_box/model.sdf
[204.073s] -- Symlinking: /home/ros12/turtlebot3_ws/install/turtlebot3_gazebo/share/turtlebot3_gazebo//models/turtlebot3_dqn_world/inner_walls/model.config
[204.096s] -- Symlinking: /home/ros12/turtlebot3_ws/install/turtlebot3_gazebo/share/turtlebot3_gazebo//models/turtlebot3_dqn_world/inner_walls/model.sdf
[204.123s] -- Symlinking: /home/ros12/turtlebot3_ws/install/turtlebot3_gazebo/share/turtlebot3_gazebo//models/turtlebot3_dqn_world/model.config
[204.151s] -- Symlinking: /home/ros12/turtlebot3_ws/install/turtlebot3_gazebo/share/turtlebot3_gazebo//models/turtlebot3_dqn_world/model.sdf
[204.177s] -- Symlinking: /home/ros12/turtlebot3_ws/install/turtlebot3_gazebo/share/turtlebot3_gazebo//models/turtlebot3_dqn_world/obstacle1/model.config
[204.203s] -- Symlinking: /home/ros12/turtlebot3_ws/install/turtlebot3_gazebo/share/turtlebot3_gazebo//models/turtlebot3_dqn_world/obstacle1/model.sdf
[204.229s] -- Symlinking: /home/ros12/turtlebot3_ws/install/turtlebot3_gazebo/share/turtlebot3_gazebo//models/turtlebot3_dqn_world/obstacle2/model.config
[204.253s] -- Symlinking: /home/ros12/turtlebot3_ws/install/turtlebot3_gazebo/share/turtlebot3_gazebo//models/turtlebot3_dqn_world/obstacle2/model.sdf
[204.281s] -- Symlinking: /home/ros12/turtlebot3_ws/install/turtlebot3_gazebo/share/turtlebot3_gazebo//models/turtlebot3_dqn_world/obstacle_plugin/CMakeLists.txt
[204.301s] -- Symlinking: /home/ros12/turtlebot3_ws/install/turtlebot3_gazebo/share/turtlebot3_gazebo//models/turtlebot3_dqn_world/obstacle_plugin/obstacle1.cc
[204.328s] -- Symlinking: /home/ros12/turtlebot3_ws/install/turtlebot3_gazebo/share/turtlebot3_gazebo//models/turtlebot3_dqn_world/obstacle_plugin/obstacle2.cc
[204.360s] -- Symlinking: /home/ros12/turtlebot3_ws/install/turtlebot3_gazebo/share/turtlebot3_gazebo//models/turtlebot3_dqn_world/obstacle_plugin/obstacles.cc
[204.392s] -- Symlinking: /home/ros12/turtlebot3_ws/install/turtlebot3_gazebo/share/turtlebot3_gazebo//models/turtlebot3_dqn_world/obstacles/model.config
[204.418s] -- Symlinking: /home/ros12/turtlebot3_ws/install/turtlebot3_gazebo/share/turtlebot3_gazebo//models/turtlebot3_dqn_world/obstacles/model.sdf
[204.443s] -- Symlinking: /home/ros12/turtlebot3_ws/install/turtlebot3_gazebo/share/turtlebot3_gazebo//models/turtlebot3_house/model.config
[204.464s] -- Symlinking: /home/ros12/turtlebot3_ws/install/turtlebot3_gazebo/share/turtlebot3_gazebo//models/turtlebot3_house/model.sdf
[204.492s] -- Symlinking: /home/ros12/turtlebot3_ws/install/turtlebot3_gazebo/share/turtlebot3_gazebo//models/turtlebot3_waffle/model-1_4.sdf
[204.517s] -- Symlinking: /home/ros12/turtlebot3_ws/install/turtlebot3_gazebo/share/turtlebot3_gazebo//models/turtlebot3_waffle/model.config
[204.542s] -- Symlinking: /home/ros12/turtlebot3_ws/install/turtlebot3_gazebo/share/turtlebot3_gazebo//models/turtlebot3_waffle/model.sdf
[204.563s] -- Symlinking: /home/ros12/turtlebot3_ws/install/turtlebot3_gazebo/share/turtlebot3_gazebo//models/turtlebot3_waffle_pi/model-1_4_.sdf
[204.592s] -- Symlinking: /home/ros12/turtlebot3_ws/install/turtlebot3_gazebo/share/turtlebot3_gazebo//models/turtlebot3_waffle_pi/model.config
[204.620s] -- Symlinking: /home/ros12/turtlebot3_ws/install/turtlebot3_gazebo/share/turtlebot3_gazebo//models/turtlebot3_waffle_pi/model.sdf
[204.643s] -- Symlinking: /home/ros12/turtlebot3_ws/install/turtlebot3_gazebo/share/turtlebot3_gazebo//models/turtlebot3_world/meshes/hexagon.dae
[204.666s] -- Symlinking: /home/ros12/turtlebot3_ws/install/turtlebot3_gazebo/share/turtlebot3_gazebo//models/turtlebot3_world/meshes/wall.dae
[204.687s] -- Symlinking: /home/ros12/turtlebot3_ws/install/turtlebot3_gazebo/share/turtlebot3_gazebo//models/turtlebot3_world/model-1_4.sdf
[204.711s] -- Symlinking: /home/ros12/turtlebot3_ws/install/turtlebot3_gazebo/share/turtlebot3_gazebo//models/turtlebot3_world/model.config
[204.736s] -- Symlinking: /home/ros12/turtlebot3_ws/install/turtlebot3_gazebo/share/turtlebot3_gazebo//models/turtlebot3_world/model.sdf
[204.766s] -- Symlinking: /home/ros12/turtlebot3_ws/install/turtlebot3_gazebo/share/turtlebot3_gazebo//rviz/tb3_gazebo.rviz
[204.794s] -- Symlinking: /home/ros12/turtlebot3_ws/install/turtlebot3_gazebo/share/turtlebot3_gazebo//urdf/common_properties.urdf
[204.822s] -- Symlinking: /home/ros12/turtlebot3_ws/install/turtlebot3_gazebo/share/turtlebot3_gazebo//urdf/turtlebot3_burger.urdf
[204.847s] -- Symlinking: /home/ros12/turtlebot3_ws/install/turtlebot3_gazebo/share/turtlebot3_gazebo//urdf/turtlebot3_waffle.urdf
[204.875s] -- Symlinking: /home/ros12/turtlebot3_ws/install/turtlebot3_gazebo/share/turtlebot3_gazebo//urdf/turtlebot3_waffle_pi.urdf
[204.915s] -- Symlinking: /home/ros12/turtlebot3_ws/install/turtlebot3_gazebo/share/turtlebot3_gazebo//worlds/empty_world.world
[204.948s] -- Symlinking: /home/ros12/turtlebot3_ws/install/turtlebot3_gazebo/share/turtlebot3_gazebo//worlds/turtlebot3_dqn_stage1.world
[204.975s] -- Symlinking: /home/ros12/turtlebot3_ws/install/turtlebot3_gazebo/share/turtlebot3_gazebo//worlds/turtlebot3_dqn_stage2.world
[205.006s] -- Symlinking: /home/ros12/turtlebot3_ws/install/turtlebot3_gazebo/share/turtlebot3_gazebo//worlds/turtlebot3_dqn_stage3.world
[205.033s] -- Symlinking: /home/ros12/turtlebot3_ws/install/turtlebot3_gazebo/share/turtlebot3_gazebo//worlds/turtlebot3_dqn_stage4.world
[205.064s] -- Symlinking: /home/ros12/turtlebot3_ws/install/turtlebot3_gazebo/share/turtlebot3_gazebo//worlds/turtlebot3_house.world
[205.092s] -- Symlinking: /home/ros12/turtlebot3_ws/install/turtlebot3_gazebo/share/turtlebot3_gazebo//worlds/turtlebot3_world.world
[205.135s] -- Symlinking: /home/ros12/turtlebot3_ws/install/turtlebot3_gazebo/include//turtlebot3_gazebo/turtlebot3_drive.hpp
[205.196s] -- Symlinking: /home/ros12/turtlebot3_ws/install/turtlebot3_gazebo/share/ament_index/resource_index/package_run_dependencies/turtlebot3_gazebo
[205.346s] -- Symlinking: /home/ros12/turtlebot3_ws/install/turtlebot3_gazebo/share/ament_index/resource_index/parent_prefix_path/turtlebot3_gazebo
[205.420s] -- Symlinking: /home/ros12/turtlebot3_ws/install/turtlebot3_gazebo/share/turtlebot3_gazebo/environment/ament_prefix_path.sh
[205.465s] -- Symlinking: /home/ros12/turtlebot3_ws/install/turtlebot3_gazebo/share/turtlebot3_gazebo/environment/ament_prefix_path.dsv
[205.505s] -- Symlinking: /home/ros12/turtlebot3_ws/install/turtlebot3_gazebo/share/turtlebot3_gazebo/environment/path.sh
[205.542s] -- Symlinking: /home/ros12/turtlebot3_ws/install/turtlebot3_gazebo/share/turtlebot3_gazebo/environment/path.dsv
[205.566s] -- Symlinking: /home/ros12/turtlebot3_ws/install/turtlebot3_gazebo/share/turtlebot3_gazebo/local_setup.bash
[205.588s] -- Symlinking: /home/ros12/turtlebot3_ws/install/turtlebot3_gazebo/share/turtlebot3_gazebo/local_setup.sh
[205.616s] -- Symlinking: /home/ros12/turtlebot3_ws/install/turtlebot3_gazebo/share/turtlebot3_gazebo/local_setup.zsh
[205.646s] -- Symlinking: /home/ros12/turtlebot3_ws/install/turtlebot3_gazebo/share/turtlebot3_gazebo/local_setup.dsv
[205.674s] -- Symlinking: /home/ros12/turtlebot3_ws/install/turtlebot3_gazebo/share/turtlebot3_gazebo/package.dsv
[205.708s] -- Symlinking: /home/ros12/turtlebot3_ws/install/turtlebot3_gazebo/share/ament_index/resource_index/packages/turtlebot3_gazebo
[205.751s] -- Symlinking: /home/ros12/turtlebot3_ws/install/turtlebot3_gazebo/share/turtlebot3_gazebo/cmake/ament_cmake_export_include_directories-extras.cmake
[205.788s] -- Symlinking: /home/ros12/turtlebot3_ws/install/turtlebot3_gazebo/share/turtlebot3_gazebo/cmake/ament_cmake_export_dependencies-extras.cmake
[205.814s] -- Symlinking: /home/ros12/turtlebot3_ws/install/turtlebot3_gazebo/share/turtlebot3_gazebo/cmake/turtlebot3_gazeboConfig.cmake
[205.876s] -- Symlinking: /home/ros12/turtlebot3_ws/install/turtlebot3_gazebo/share/turtlebot3_gazebo/cmake/turtlebot3_gazeboConfig-version.cmake
[205.933s] -- Symlinking: /home/ros12/turtlebot3_ws/install/turtlebot3_gazebo/share/turtlebot3_gazebo/package.xml
[206.021s] Invoked command in '/home/ros12/turtlebot3_ws/build/turtlebot3_gazebo' returned '0': CMAKE_PREFIX_PATH=/opt/ros/humble /usr/bin/cmake --install /home/ros12/turtlebot3_ws/build/turtlebot3_gazebo
