[0.202s] DEBUG:colcon:Command line arguments: ['/usr/bin/colcon', 'build', '--symlink-install']
[0.202s] DEBUG:colcon:Parsed command line arguments: Namespace(log_base=None, log_level=None, verb_name='build', build_base='build', install_base='install', merge_install=False, symlink_install=True, test_result_base=None, continue_on_error=False, executor='parallel', parallel_workers=2, event_handlers=None, ignore_user_meta=False, metas=['./colcon.meta'], base_paths=['.'], packages_ignore=None, packages_ignore_regex=None, paths=None, packages_up_to=None, packages_up_to_regex=None, packages_above=None, packages_above_and_dependencies=None, packages_above_depth=None, packages_select_by_dep=None, packages_skip_by_dep=None, packages_skip_up_to=None, packages_select_build_failed=False, packages_skip_build_finished=False, packages_select_test_failures=False, packages_skip_test_passed=False, packages_select=None, packages_skip=None, packages_select_regex=None, packages_skip_regex=None, packages_start=None, packages_end=None, allow_overriding=[], cmake_args=None, cmake_target=None, cmake_target_skip_unavailable=False, cmake_clean_cache=False, cmake_clean_first=False, cmake_force_configure=False, ament_cmake_args=None, catkin_cmake_args=None, catkin_skip_building_tests=False, verb_parser=<colcon_defaults.argument_parser.defaults.DefaultArgumentsDecorator object at 0x793b2863cdf0>, verb_extension=<colcon_core.verb.build.BuildVerb object at 0x793b2863c2e0>, main=<bound method BuildVerb.main of <colcon_core.verb.build.BuildVerb object at 0x793b2863c2e0>>)
[0.648s] Level 1:colcon.colcon_core.package_discovery:discover_packages(colcon_meta) check parameters
[0.649s] Level 1:colcon.colcon_core.package_discovery:discover_packages(recursive) check parameters
[0.649s] Level 1:colcon.colcon_core.package_discovery:discover_packages(ignore) check parameters
[0.649s] Level 1:colcon.colcon_core.package_discovery:discover_packages(path) check parameters
[0.649s] Level 1:colcon.colcon_core.package_discovery:discover_packages(colcon_meta) discover
[0.649s] Level 1:colcon.colcon_core.package_discovery:discover_packages(recursive) discover
[0.649s] INFO:colcon.colcon_core.package_discovery:Crawling recursively for packages in '/home/ros12/turtlebot3_ws'
[0.649s] Level 1:colcon.colcon_core.package_identification:_identify(.) by extensions ['ignore', 'ignore_ament_install']
[0.649s] Level 1:colcon.colcon_core.package_identification:_identify(.) by extension 'ignore'
[0.649s] Level 1:colcon.colcon_core.package_identification:_identify(.) by extension 'ignore_ament_install'
[0.650s] Level 1:colcon.colcon_core.package_identification:_identify(.) by extensions ['colcon_pkg']
[0.650s] Level 1:colcon.colcon_core.package_identification:_identify(.) by extension 'colcon_pkg'
[0.650s] Level 1:colcon.colcon_core.package_identification:_identify(.) by extensions ['colcon_meta']
[0.650s] Level 1:colcon.colcon_core.package_identification:_identify(.) by extension 'colcon_meta'
[0.650s] Level 1:colcon.colcon_core.package_identification:_identify(.) by extensions ['ros']
[0.650s] Level 1:colcon.colcon_core.package_identification:_identify(.) by extension 'ros'
[0.668s] Level 1:colcon.colcon_core.package_identification:_identify(.) by extensions ['cmake', 'python']
[0.668s] Level 1:colcon.colcon_core.package_identification:_identify(.) by extension 'cmake'
[0.669s] Level 1:colcon.colcon_core.package_identification:_identify(.) by extension 'python'
[0.669s] Level 1:colcon.colcon_core.package_identification:_identify(.) by extensions ['python_setup_py']
[0.669s] Level 1:colcon.colcon_core.package_identification:_identify(.) by extension 'python_setup_py'
[0.669s] Level 1:colcon.colcon_core.package_identification:_identify(build) by extensions ['ignore', 'ignore_ament_install']
[0.669s] Level 1:colcon.colcon_core.package_identification:_identify(build) by extension 'ignore'
[0.669s] Level 1:colcon.colcon_core.package_identification:_identify(build) ignored
[0.669s] Level 1:colcon.colcon_core.package_identification:_identify(install) by extensions ['ignore', 'ignore_ament_install']
[0.669s] Level 1:colcon.colcon_core.package_identification:_identify(install) by extension 'ignore'
[0.670s] Level 1:colcon.colcon_core.package_identification:_identify(install) ignored
[0.670s] Level 1:colcon.colcon_core.package_identification:_identify(log) by extensions ['ignore', 'ignore_ament_install']
[0.670s] Level 1:colcon.colcon_core.package_identification:_identify(log) by extension 'ignore'
[0.670s] Level 1:colcon.colcon_core.package_identification:_identify(log) ignored
[0.670s] Level 1:colcon.colcon_core.package_identification:_identify(src) by extensions ['ignore', 'ignore_ament_install']
[0.670s] Level 1:colcon.colcon_core.package_identification:_identify(src) by extension 'ignore'
[0.670s] Level 1:colcon.colcon_core.package_identification:_identify(src) by extension 'ignore_ament_install'
[0.670s] Level 1:colcon.colcon_core.package_identification:_identify(src) by extensions ['colcon_pkg']
[0.670s] Level 1:colcon.colcon_core.package_identification:_identify(src) by extension 'colcon_pkg'
[0.670s] Level 1:colcon.colcon_core.package_identification:_identify(src) by extensions ['colcon_meta']
[0.671s] Level 1:colcon.colcon_core.package_identification:_identify(src) by extension 'colcon_meta'
[0.671s] Level 1:colcon.colcon_core.package_identification:_identify(src) by extensions ['ros']
[0.671s] Level 1:colcon.colcon_core.package_identification:_identify(src) by extension 'ros'
[0.671s] Level 1:colcon.colcon_core.package_identification:_identify(src) by extensions ['cmake', 'python']
[0.671s] Level 1:colcon.colcon_core.package_identification:_identify(src) by extension 'cmake'
[0.671s] Level 1:colcon.colcon_core.package_identification:_identify(src) by extension 'python'
[0.671s] Level 1:colcon.colcon_core.package_identification:_identify(src) by extensions ['python_setup_py']
[0.671s] Level 1:colcon.colcon_core.package_identification:_identify(src) by extension 'python_setup_py'
[0.671s] Level 1:colcon.colcon_core.package_identification:_identify(src/turtlebot3_simulations) by extensions ['ignore', 'ignore_ament_install']
[0.671s] Level 1:colcon.colcon_core.package_identification:_identify(src/turtlebot3_simulations) by extension 'ignore'
[0.671s] Level 1:colcon.colcon_core.package_identification:_identify(src/turtlebot3_simulations) by extension 'ignore_ament_install'
[0.672s] Level 1:colcon.colcon_core.package_identification:_identify(src/turtlebot3_simulations) by extensions ['colcon_pkg']
[0.672s] Level 1:colcon.colcon_core.package_identification:_identify(src/turtlebot3_simulations) by extension 'colcon_pkg'
[0.672s] Level 1:colcon.colcon_core.package_identification:_identify(src/turtlebot3_simulations) by extensions ['colcon_meta']
[0.672s] Level 1:colcon.colcon_core.package_identification:_identify(src/turtlebot3_simulations) by extension 'colcon_meta'
[0.672s] Level 1:colcon.colcon_core.package_identification:_identify(src/turtlebot3_simulations) by extensions ['ros']
[0.672s] Level 1:colcon.colcon_core.package_identification:_identify(src/turtlebot3_simulations) by extension 'ros'
[0.672s] Level 1:colcon.colcon_core.package_identification:_identify(src/turtlebot3_simulations) by extensions ['cmake', 'python']
[0.672s] Level 1:colcon.colcon_core.package_identification:_identify(src/turtlebot3_simulations) by extension 'cmake'
[0.672s] Level 1:colcon.colcon_core.package_identification:_identify(src/turtlebot3_simulations) by extension 'python'
[0.672s] Level 1:colcon.colcon_core.package_identification:_identify(src/turtlebot3_simulations) by extensions ['python_setup_py']
[0.672s] Level 1:colcon.colcon_core.package_identification:_identify(src/turtlebot3_simulations) by extension 'python_setup_py'
[0.672s] Level 1:colcon.colcon_core.package_identification:_identify(src/turtlebot3_simulations/turtlebot3_fake_node) by extensions ['ignore', 'ignore_ament_install']
[0.673s] Level 1:colcon.colcon_core.package_identification:_identify(src/turtlebot3_simulations/turtlebot3_fake_node) by extension 'ignore'
[0.673s] Level 1:colcon.colcon_core.package_identification:_identify(src/turtlebot3_simulations/turtlebot3_fake_node) by extension 'ignore_ament_install'
[0.673s] Level 1:colcon.colcon_core.package_identification:_identify(src/turtlebot3_simulations/turtlebot3_fake_node) by extensions ['colcon_pkg']
[0.673s] Level 1:colcon.colcon_core.package_identification:_identify(src/turtlebot3_simulations/turtlebot3_fake_node) by extension 'colcon_pkg'
[0.673s] Level 1:colcon.colcon_core.package_identification:_identify(src/turtlebot3_simulations/turtlebot3_fake_node) by extensions ['colcon_meta']
[0.673s] Level 1:colcon.colcon_core.package_identification:_identify(src/turtlebot3_simulations/turtlebot3_fake_node) by extension 'colcon_meta'
[0.673s] Level 1:colcon.colcon_core.package_identification:_identify(src/turtlebot3_simulations/turtlebot3_fake_node) by extensions ['ros']
[0.673s] Level 1:colcon.colcon_core.package_identification:_identify(src/turtlebot3_simulations/turtlebot3_fake_node) by extension 'ros'
[1.126s] DEBUG:colcon.colcon_core.package_identification:Package 'src/turtlebot3_simulations/turtlebot3_fake_node' with type 'ros.ament_cmake' and name 'turtlebot3_fake_node'
[1.127s] Level 1:colcon.colcon_core.package_identification:_identify(src/turtlebot3_simulations/turtlebot3_gazebo) by extensions ['ignore', 'ignore_ament_install']
[1.136s] Level 1:colcon.colcon_core.package_identification:_identify(src/turtlebot3_simulations/turtlebot3_gazebo) by extension 'ignore'
[1.136s] Level 1:colcon.colcon_core.package_identification:_identify(src/turtlebot3_simulations/turtlebot3_gazebo) by extension 'ignore_ament_install'
[1.136s] Level 1:colcon.colcon_core.package_identification:_identify(src/turtlebot3_simulations/turtlebot3_gazebo) by extensions ['colcon_pkg']
[1.136s] Level 1:colcon.colcon_core.package_identification:_identify(src/turtlebot3_simulations/turtlebot3_gazebo) by extension 'colcon_pkg'
[1.136s] Level 1:colcon.colcon_core.package_identification:_identify(src/turtlebot3_simulations/turtlebot3_gazebo) by extensions ['colcon_meta']
[1.136s] Level 1:colcon.colcon_core.package_identification:_identify(src/turtlebot3_simulations/turtlebot3_gazebo) by extension 'colcon_meta'
[1.137s] Level 1:colcon.colcon_core.package_identification:_identify(src/turtlebot3_simulations/turtlebot3_gazebo) by extensions ['ros']
[1.137s] Level 1:colcon.colcon_core.package_identification:_identify(src/turtlebot3_simulations/turtlebot3_gazebo) by extension 'ros'
[1.141s] DEBUG:colcon.colcon_core.package_identification:Package 'src/turtlebot3_simulations/turtlebot3_gazebo' with type 'ros.ament_cmake' and name 'turtlebot3_gazebo'
[1.142s] Level 1:colcon.colcon_core.package_identification:_identify(src/turtlebot3_simulations/turtlebot3_simulations) by extensions ['ignore', 'ignore_ament_install']
[1.142s] Level 1:colcon.colcon_core.package_identification:_identify(src/turtlebot3_simulations/turtlebot3_simulations) by extension 'ignore'
[1.142s] Level 1:colcon.colcon_core.package_identification:_identify(src/turtlebot3_simulations/turtlebot3_simulations) by extension 'ignore_ament_install'
[1.143s] Level 1:colcon.colcon_core.package_identification:_identify(src/turtlebot3_simulations/turtlebot3_simulations) by extensions ['colcon_pkg']
[1.143s] Level 1:colcon.colcon_core.package_identification:_identify(src/turtlebot3_simulations/turtlebot3_simulations) by extension 'colcon_pkg'
[1.143s] Level 1:colcon.colcon_core.package_identification:_identify(src/turtlebot3_simulations/turtlebot3_simulations) by extensions ['colcon_meta']
[1.143s] Level 1:colcon.colcon_core.package_identification:_identify(src/turtlebot3_simulations/turtlebot3_simulations) by extension 'colcon_meta'
[1.143s] Level 1:colcon.colcon_core.package_identification:_identify(src/turtlebot3_simulations/turtlebot3_simulations) by extensions ['ros']
[1.143s] Level 1:colcon.colcon_core.package_identification:_identify(src/turtlebot3_simulations/turtlebot3_simulations) by extension 'ros'
[1.144s] DEBUG:colcon.colcon_core.package_identification:Package 'src/turtlebot3_simulations/turtlebot3_simulations' with type 'ros.ament_cmake' and name 'turtlebot3_simulations'
[1.145s] Level 1:colcon.colcon_core.package_discovery:discover_packages(recursive) using defaults
[1.145s] Level 1:colcon.colcon_core.package_discovery:discover_packages(ignore) discover
[1.145s] Level 1:colcon.colcon_core.package_discovery:discover_packages(ignore) using defaults
[1.145s] Level 1:colcon.colcon_core.package_discovery:discover_packages(path) discover
[1.145s] Level 1:colcon.colcon_core.package_discovery:discover_packages(path) using defaults
[1.186s] Level 1:colcon.colcon_core.package_discovery:discover_packages(prefix_path) check parameters
[1.186s] Level 1:colcon.colcon_core.package_discovery:discover_packages(prefix_path) discover
[1.192s] DEBUG:colcon.colcon_installed_package_information.package_discovery:Found 372 installed packages in /opt/ros/humble
[1.195s] Level 1:colcon.colcon_core.package_discovery:discover_packages(prefix_path) using defaults
[1.300s] Level 5:colcon.colcon_core.verb:set package 'turtlebot3_fake_node' build argument 'cmake_args' from command line to 'None'
[1.300s] Level 5:colcon.colcon_core.verb:set package 'turtlebot3_fake_node' build argument 'cmake_target' from command line to 'None'
[1.300s] Level 5:colcon.colcon_core.verb:set package 'turtlebot3_fake_node' build argument 'cmake_target_skip_unavailable' from command line to 'False'
[1.300s] Level 5:colcon.colcon_core.verb:set package 'turtlebot3_fake_node' build argument 'cmake_clean_cache' from command line to 'False'
[1.300s] Level 5:colcon.colcon_core.verb:set package 'turtlebot3_fake_node' build argument 'cmake_clean_first' from command line to 'False'
[1.301s] Level 5:colcon.colcon_core.verb:set package 'turtlebot3_fake_node' build argument 'cmake_force_configure' from command line to 'False'
[1.301s] Level 5:colcon.colcon_core.verb:set package 'turtlebot3_fake_node' build argument 'ament_cmake_args' from command line to 'None'
[1.301s] Level 5:colcon.colcon_core.verb:set package 'turtlebot3_fake_node' build argument 'catkin_cmake_args' from command line to 'None'
[1.301s] Level 5:colcon.colcon_core.verb:set package 'turtlebot3_fake_node' build argument 'catkin_skip_building_tests' from command line to 'False'
[1.301s] DEBUG:colcon.colcon_core.verb:Building package 'turtlebot3_fake_node' with the following arguments: {'ament_cmake_args': None, 'build_base': '/home/ros12/turtlebot3_ws/build/turtlebot3_fake_node', 'catkin_cmake_args': None, 'catkin_skip_building_tests': False, 'cmake_args': None, 'cmake_clean_cache': False, 'cmake_clean_first': False, 'cmake_force_configure': False, 'cmake_target': None, 'cmake_target_skip_unavailable': False, 'install_base': '/home/ros12/turtlebot3_ws/install/turtlebot3_fake_node', 'merge_install': False, 'path': '/home/ros12/turtlebot3_ws/src/turtlebot3_simulations/turtlebot3_fake_node', 'symlink_install': True, 'test_result_base': None}
[1.301s] Level 5:colcon.colcon_core.verb:set package 'turtlebot3_gazebo' build argument 'cmake_args' from command line to 'None'
[1.301s] Level 5:colcon.colcon_core.verb:set package 'turtlebot3_gazebo' build argument 'cmake_target' from command line to 'None'
[1.301s] Level 5:colcon.colcon_core.verb:set package 'turtlebot3_gazebo' build argument 'cmake_target_skip_unavailable' from command line to 'False'
[1.301s] Level 5:colcon.colcon_core.verb:set package 'turtlebot3_gazebo' build argument 'cmake_clean_cache' from command line to 'False'
[1.301s] Level 5:colcon.colcon_core.verb:set package 'turtlebot3_gazebo' build argument 'cmake_clean_first' from command line to 'False'
[1.301s] Level 5:colcon.colcon_core.verb:set package 'turtlebot3_gazebo' build argument 'cmake_force_configure' from command line to 'False'
[1.302s] Level 5:colcon.colcon_core.verb:set package 'turtlebot3_gazebo' build argument 'ament_cmake_args' from command line to 'None'
[1.302s] Level 5:colcon.colcon_core.verb:set package 'turtlebot3_gazebo' build argument 'catkin_cmake_args' from command line to 'None'
[1.302s] Level 5:colcon.colcon_core.verb:set package 'turtlebot3_gazebo' build argument 'catkin_skip_building_tests' from command line to 'False'
[1.302s] DEBUG:colcon.colcon_core.verb:Building package 'turtlebot3_gazebo' with the following arguments: {'ament_cmake_args': None, 'build_base': '/home/ros12/turtlebot3_ws/build/turtlebot3_gazebo', 'catkin_cmake_args': None, 'catkin_skip_building_tests': False, 'cmake_args': None, 'cmake_clean_cache': False, 'cmake_clean_first': False, 'cmake_force_configure': False, 'cmake_target': None, 'cmake_target_skip_unavailable': False, 'install_base': '/home/ros12/turtlebot3_ws/install/turtlebot3_gazebo', 'merge_install': False, 'path': '/home/ros12/turtlebot3_ws/src/turtlebot3_simulations/turtlebot3_gazebo', 'symlink_install': True, 'test_result_base': None}
[1.302s] Level 5:colcon.colcon_core.verb:set package 'turtlebot3_simulations' build argument 'cmake_args' from command line to 'None'
[1.302s] Level 5:colcon.colcon_core.verb:set package 'turtlebot3_simulations' build argument 'cmake_target' from command line to 'None'
[1.302s] Level 5:colcon.colcon_core.verb:set package 'turtlebot3_simulations' build argument 'cmake_target_skip_unavailable' from command line to 'False'
[1.302s] Level 5:colcon.colcon_core.verb:set package 'turtlebot3_simulations' build argument 'cmake_clean_cache' from command line to 'False'
[1.302s] Level 5:colcon.colcon_core.verb:set package 'turtlebot3_simulations' build argument 'cmake_clean_first' from command line to 'False'
[1.302s] Level 5:colcon.colcon_core.verb:set package 'turtlebot3_simulations' build argument 'cmake_force_configure' from command line to 'False'
[1.302s] Level 5:colcon.colcon_core.verb:set package 'turtlebot3_simulations' build argument 'ament_cmake_args' from command line to 'None'
[1.302s] Level 5:colcon.colcon_core.verb:set package 'turtlebot3_simulations' build argument 'catkin_cmake_args' from command line to 'None'
[1.302s] Level 5:colcon.colcon_core.verb:set package 'turtlebot3_simulations' build argument 'catkin_skip_building_tests' from command line to 'False'
[1.303s] DEBUG:colcon.colcon_core.verb:Building package 'turtlebot3_simulations' with the following arguments: {'ament_cmake_args': None, 'build_base': '/home/ros12/turtlebot3_ws/build/turtlebot3_simulations', 'catkin_cmake_args': None, 'catkin_skip_building_tests': False, 'cmake_args': None, 'cmake_clean_cache': False, 'cmake_clean_first': False, 'cmake_force_configure': False, 'cmake_target': None, 'cmake_target_skip_unavailable': False, 'install_base': '/home/ros12/turtlebot3_ws/install/turtlebot3_simulations', 'merge_install': False, 'path': '/home/ros12/turtlebot3_ws/src/turtlebot3_simulations/turtlebot3_simulations', 'symlink_install': True, 'test_result_base': None}
[1.303s] INFO:colcon.colcon_core.executor:Executing jobs using 'parallel' executor
[1.330s] DEBUG:colcon.colcon_parallel_executor.executor.parallel:run_until_complete
[1.330s] INFO:colcon.colcon_ros.task.ament_cmake.build:Building ROS package in '/home/ros12/turtlebot3_ws/src/turtlebot3_simulations/turtlebot3_fake_node' with build type 'ament_cmake'
[1.330s] INFO:colcon.colcon_cmake.task.cmake.build:Building CMake package in '/home/ros12/turtlebot3_ws/src/turtlebot3_simulations/turtlebot3_fake_node'
[1.339s] INFO:colcon.colcon_core.plugin_system:Skipping extension 'colcon_core.shell.bat': Not used on non-Windows systems
[1.340s] INFO:colcon.colcon_core.shell:Skip shell extension 'powershell' for command environment: Not usable outside of PowerShell
[1.340s] DEBUG:colcon.colcon_core.shell:Skip shell extension 'dsv' for command environment
[1.352s] INFO:colcon.colcon_ros.task.ament_cmake.build:Building ROS package in '/home/ros12/turtlebot3_ws/src/turtlebot3_simulations/turtlebot3_gazebo' with build type 'ament_cmake'
[1.353s] INFO:colcon.colcon_cmake.task.cmake.build:Building CMake package in '/home/ros12/turtlebot3_ws/src/turtlebot3_simulations/turtlebot3_gazebo'
[1.354s] INFO:colcon.colcon_core.shell:Skip shell extension 'powershell' for command environment: Not usable outside of PowerShell
[1.355s] DEBUG:colcon.colcon_core.shell:Skip shell extension 'dsv' for command environment
[1.438s] DEBUG:colcon.colcon_core.event_handler.log_command:Invoking command in '/home/ros12/turtlebot3_ws/build/turtlebot3_fake_node': CMAKE_PREFIX_PATH=/opt/ros/humble /usr/bin/cmake /home/ros12/turtlebot3_ws/src/turtlebot3_simulations/turtlebot3_fake_node -DAMENT_CMAKE_SYMLINK_INSTALL=1 -DCMAKE_INSTALL_PREFIX=/home/ros12/turtlebot3_ws/install/turtlebot3_fake_node
[1.654s] DEBUG:colcon.colcon_core.event_handler.log_command:Invoking command in '/home/ros12/turtlebot3_ws/build/turtlebot3_gazebo': CMAKE_PREFIX_PATH=/opt/ros/humble /usr/bin/cmake /home/ros12/turtlebot3_ws/src/turtlebot3_simulations/turtlebot3_gazebo -DAMENT_CMAKE_SYMLINK_INSTALL=1 -DCMAKE_INSTALL_PREFIX=/home/ros12/turtlebot3_ws/install/turtlebot3_gazebo
[25.523s] DEBUG:colcon.colcon_core.event_handler.log_command:Invoked command in '/home/ros12/turtlebot3_ws/build/turtlebot3_fake_node' returned '0': CMAKE_PREFIX_PATH=/opt/ros/humble /usr/bin/cmake /home/ros12/turtlebot3_ws/src/turtlebot3_simulations/turtlebot3_fake_node -DAMENT_CMAKE_SYMLINK_INSTALL=1 -DCMAKE_INSTALL_PREFIX=/home/ros12/turtlebot3_ws/install/turtlebot3_fake_node
[25.524s] DEBUG:colcon.colcon_core.event_handler.log_command:Invoking command in '/home/ros12/turtlebot3_ws/build/turtlebot3_fake_node': CMAKE_PREFIX_PATH=/opt/ros/humble /usr/bin/cmake --build /home/ros12/turtlebot3_ws/build/turtlebot3_fake_node -- -j2 -l2
[29.875s] DEBUG:colcon.colcon_core.event_handler.log_command:Invoked command in '/home/ros12/turtlebot3_ws/build/turtlebot3_gazebo' returned '0': CMAKE_PREFIX_PATH=/opt/ros/humble /usr/bin/cmake /home/ros12/turtlebot3_ws/src/turtlebot3_simulations/turtlebot3_gazebo -DAMENT_CMAKE_SYMLINK_INSTALL=1 -DCMAKE_INSTALL_PREFIX=/home/ros12/turtlebot3_ws/install/turtlebot3_gazebo
[29.876s] DEBUG:colcon.colcon_core.event_handler.log_command:Invoking command in '/home/ros12/turtlebot3_ws/build/turtlebot3_gazebo': CMAKE_PREFIX_PATH=/opt/ros/humble /usr/bin/cmake --build /home/ros12/turtlebot3_ws/build/turtlebot3_gazebo -- -j2 -l2
[112.985s] DEBUG:colcon.colcon_core.event_handler.log_command:Invoked command in '/home/ros12/turtlebot3_ws/build/turtlebot3_fake_node' returned '0': CMAKE_PREFIX_PATH=/opt/ros/humble /usr/bin/cmake --build /home/ros12/turtlebot3_ws/build/turtlebot3_fake_node -- -j2 -l2
[113.326s] DEBUG:colcon.colcon_core.event_handler.log_command:Invoking command in '/home/ros12/turtlebot3_ws/build/turtlebot3_fake_node': CMAKE_PREFIX_PATH=/opt/ros/humble /usr/bin/cmake --install /home/ros12/turtlebot3_ws/build/turtlebot3_fake_node
[114.790s] Level 1:colcon.colcon_core.environment:create_environment_scripts_only(turtlebot3_fake_node)
[114.793s] DEBUG:colcon.colcon_core.event_handler.log_command:Invoked command in '/home/ros12/turtlebot3_ws/build/turtlebot3_fake_node' returned '0': CMAKE_PREFIX_PATH=/opt/ros/humble /usr/bin/cmake --install /home/ros12/turtlebot3_ws/build/turtlebot3_fake_node
[115.086s] Level 1:colcon.colcon_core.environment:checking '/home/ros12/turtlebot3_ws/install/turtlebot3_fake_node' for CMake module files
[115.088s] Level 1:colcon.colcon_core.environment:checking '/home/ros12/turtlebot3_ws/install/turtlebot3_fake_node' for CMake config files
[115.088s] Level 1:colcon.colcon_core.shell:create_environment_hook('turtlebot3_fake_node', 'cmake_prefix_path')
[115.089s] INFO:colcon.colcon_core.shell:Creating environment hook '/home/ros12/turtlebot3_ws/install/turtlebot3_fake_node/share/turtlebot3_fake_node/hook/cmake_prefix_path.ps1'
[115.099s] INFO:colcon.colcon_core.shell:Creating environment descriptor '/home/ros12/turtlebot3_ws/install/turtlebot3_fake_node/share/turtlebot3_fake_node/hook/cmake_prefix_path.dsv'
[115.134s] INFO:colcon.colcon_core.shell:Creating environment hook '/home/ros12/turtlebot3_ws/install/turtlebot3_fake_node/share/turtlebot3_fake_node/hook/cmake_prefix_path.sh'
[115.177s] Level 1:colcon.colcon_core.environment:checking '/home/ros12/turtlebot3_ws/install/turtlebot3_fake_node/lib'
[115.177s] Level 1:colcon.colcon_core.environment:checking '/home/ros12/turtlebot3_ws/install/turtlebot3_fake_node/bin'
[115.178s] Level 1:colcon.colcon_core.environment:checking '/home/ros12/turtlebot3_ws/install/turtlebot3_fake_node/lib/pkgconfig/turtlebot3_fake_node.pc'
[115.179s] Level 1:colcon.colcon_core.environment:checking '/home/ros12/turtlebot3_ws/install/turtlebot3_fake_node/lib/python3.10/site-packages'
[115.179s] Level 1:colcon.colcon_core.environment:checking '/home/ros12/turtlebot3_ws/install/turtlebot3_fake_node/bin'
[115.179s] INFO:colcon.colcon_core.shell:Creating package script '/home/ros12/turtlebot3_ws/install/turtlebot3_fake_node/share/turtlebot3_fake_node/package.ps1'
[115.208s] INFO:colcon.colcon_core.shell:Creating package descriptor '/home/ros12/turtlebot3_ws/install/turtlebot3_fake_node/share/turtlebot3_fake_node/package.dsv'
[115.225s] INFO:colcon.colcon_core.shell:Creating package script '/home/ros12/turtlebot3_ws/install/turtlebot3_fake_node/share/turtlebot3_fake_node/package.sh'
[115.233s] INFO:colcon.colcon_core.shell:Creating package script '/home/ros12/turtlebot3_ws/install/turtlebot3_fake_node/share/turtlebot3_fake_node/package.bash'
[115.238s] INFO:colcon.colcon_core.shell:Creating package script '/home/ros12/turtlebot3_ws/install/turtlebot3_fake_node/share/turtlebot3_fake_node/package.zsh'
[115.249s] Level 1:colcon.colcon_core.environment:create_file_with_runtime_dependencies(/home/ros12/turtlebot3_ws/install/turtlebot3_fake_node/share/colcon-core/packages/turtlebot3_fake_node)
[115.506s] Level 1:colcon.colcon_core.environment:create_environment_scripts_only(turtlebot3_fake_node)
[115.507s] Level 1:colcon.colcon_core.environment:checking '/home/ros12/turtlebot3_ws/install/turtlebot3_fake_node' for CMake module files
[115.508s] Level 1:colcon.colcon_core.environment:checking '/home/ros12/turtlebot3_ws/install/turtlebot3_fake_node' for CMake config files
[115.509s] Level 1:colcon.colcon_core.shell:create_environment_hook('turtlebot3_fake_node', 'cmake_prefix_path')
[115.510s] INFO:colcon.colcon_core.shell:Creating environment hook '/home/ros12/turtlebot3_ws/install/turtlebot3_fake_node/share/turtlebot3_fake_node/hook/cmake_prefix_path.ps1'
[115.513s] INFO:colcon.colcon_core.shell:Creating environment descriptor '/home/ros12/turtlebot3_ws/install/turtlebot3_fake_node/share/turtlebot3_fake_node/hook/cmake_prefix_path.dsv'
[115.516s] INFO:colcon.colcon_core.shell:Creating environment hook '/home/ros12/turtlebot3_ws/install/turtlebot3_fake_node/share/turtlebot3_fake_node/hook/cmake_prefix_path.sh'
[115.519s] Level 1:colcon.colcon_core.environment:checking '/home/ros12/turtlebot3_ws/install/turtlebot3_fake_node/lib'
[115.520s] Level 1:colcon.colcon_core.environment:checking '/home/ros12/turtlebot3_ws/install/turtlebot3_fake_node/bin'
[115.520s] Level 1:colcon.colcon_core.environment:checking '/home/ros12/turtlebot3_ws/install/turtlebot3_fake_node/lib/pkgconfig/turtlebot3_fake_node.pc'
[115.520s] Level 1:colcon.colcon_core.environment:checking '/home/ros12/turtlebot3_ws/install/turtlebot3_fake_node/lib/python3.10/site-packages'
[115.521s] Level 1:colcon.colcon_core.environment:checking '/home/ros12/turtlebot3_ws/install/turtlebot3_fake_node/bin'
[115.521s] INFO:colcon.colcon_core.shell:Creating package script '/home/ros12/turtlebot3_ws/install/turtlebot3_fake_node/share/turtlebot3_fake_node/package.ps1'
[115.523s] INFO:colcon.colcon_core.shell:Creating package descriptor '/home/ros12/turtlebot3_ws/install/turtlebot3_fake_node/share/turtlebot3_fake_node/package.dsv'
[115.526s] INFO:colcon.colcon_core.shell:Creating package script '/home/ros12/turtlebot3_ws/install/turtlebot3_fake_node/share/turtlebot3_fake_node/package.sh'
[115.529s] INFO:colcon.colcon_core.shell:Creating package script '/home/ros12/turtlebot3_ws/install/turtlebot3_fake_node/share/turtlebot3_fake_node/package.bash'
[115.531s] INFO:colcon.colcon_core.shell:Creating package script '/home/ros12/turtlebot3_ws/install/turtlebot3_fake_node/share/turtlebot3_fake_node/package.zsh'
[115.532s] Level 1:colcon.colcon_core.environment:create_file_with_runtime_dependencies(/home/ros12/turtlebot3_ws/install/turtlebot3_fake_node/share/colcon-core/packages/turtlebot3_fake_node)
[204.314s] DEBUG:colcon.colcon_core.event_handler.log_command:Invoked command in '/home/ros12/turtlebot3_ws/build/turtlebot3_gazebo' returned '0': CMAKE_PREFIX_PATH=/opt/ros/humble /usr/bin/cmake --build /home/ros12/turtlebot3_ws/build/turtlebot3_gazebo -- -j2 -l2
[204.631s] DEBUG:colcon.colcon_core.event_handler.log_command:Invoking command in '/home/ros12/turtlebot3_ws/build/turtlebot3_gazebo': CMAKE_PREFIX_PATH=/opt/ros/humble /usr/bin/cmake --install /home/ros12/turtlebot3_ws/build/turtlebot3_gazebo
[207.380s] Level 1:colcon.colcon_core.environment:create_environment_scripts_only(turtlebot3_gazebo)
[207.380s] Level 1:colcon.colcon_core.environment:checking '/home/ros12/turtlebot3_ws/install/turtlebot3_gazebo' for CMake module files
[207.381s] Level 1:colcon.colcon_core.environment:checking '/home/ros12/turtlebot3_ws/install/turtlebot3_gazebo' for CMake config files
[207.383s] Level 1:colcon.colcon_core.shell:create_environment_hook('turtlebot3_gazebo', 'cmake_prefix_path')
[207.384s] INFO:colcon.colcon_core.shell:Creating environment hook '/home/ros12/turtlebot3_ws/install/turtlebot3_gazebo/share/turtlebot3_gazebo/hook/cmake_prefix_path.ps1'
[207.384s] INFO:colcon.colcon_core.shell:Creating environment descriptor '/home/ros12/turtlebot3_ws/install/turtlebot3_gazebo/share/turtlebot3_gazebo/hook/cmake_prefix_path.dsv'
[207.385s] INFO:colcon.colcon_core.shell:Creating environment hook '/home/ros12/turtlebot3_ws/install/turtlebot3_gazebo/share/turtlebot3_gazebo/hook/cmake_prefix_path.sh'
[207.386s] Level 1:colcon.colcon_core.environment:checking '/home/ros12/turtlebot3_ws/install/turtlebot3_gazebo/lib'
[207.386s] Level 1:colcon.colcon_core.environment:checking '/home/ros12/turtlebot3_ws/install/turtlebot3_gazebo/bin'
[207.392s] Level 1:colcon.colcon_core.environment:checking '/home/ros12/turtlebot3_ws/install/turtlebot3_gazebo/lib/pkgconfig/turtlebot3_gazebo.pc'
[207.392s] Level 1:colcon.colcon_core.environment:checking '/home/ros12/turtlebot3_ws/install/turtlebot3_gazebo/lib/python3.10/site-packages'
[207.392s] Level 1:colcon.colcon_core.environment:checking '/home/ros12/turtlebot3_ws/install/turtlebot3_gazebo/bin'
[207.394s] INFO:colcon.colcon_core.shell:Creating package script '/home/ros12/turtlebot3_ws/install/turtlebot3_gazebo/share/turtlebot3_gazebo/package.ps1'
[207.394s] INFO:colcon.colcon_core.shell:Creating package descriptor '/home/ros12/turtlebot3_ws/install/turtlebot3_gazebo/share/turtlebot3_gazebo/package.dsv'
[207.395s] INFO:colcon.colcon_core.shell:Creating package script '/home/ros12/turtlebot3_ws/install/turtlebot3_gazebo/share/turtlebot3_gazebo/package.sh'
[207.395s] INFO:colcon.colcon_core.shell:Creating package script '/home/ros12/turtlebot3_ws/install/turtlebot3_gazebo/share/turtlebot3_gazebo/package.bash'
[207.396s] INFO:colcon.colcon_core.shell:Creating package script '/home/ros12/turtlebot3_ws/install/turtlebot3_gazebo/share/turtlebot3_gazebo/package.zsh'
[207.399s] DEBUG:colcon.colcon_core.event_handler.log_command:Invoked command in '/home/ros12/turtlebot3_ws/build/turtlebot3_gazebo' returned '0': CMAKE_PREFIX_PATH=/opt/ros/humble /usr/bin/cmake --install /home/ros12/turtlebot3_ws/build/turtlebot3_gazebo
[207.400s] Level 1:colcon.colcon_core.environment:create_file_with_runtime_dependencies(/home/ros12/turtlebot3_ws/install/turtlebot3_gazebo/share/colcon-core/packages/turtlebot3_gazebo)
[207.558s] Level 1:colcon.colcon_core.environment:create_environment_scripts_only(turtlebot3_gazebo)
[207.558s] Level 1:colcon.colcon_core.environment:checking '/home/ros12/turtlebot3_ws/install/turtlebot3_gazebo' for CMake module files
[207.559s] Level 1:colcon.colcon_core.environment:checking '/home/ros12/turtlebot3_ws/install/turtlebot3_gazebo' for CMake config files
[207.560s] Level 1:colcon.colcon_core.shell:create_environment_hook('turtlebot3_gazebo', 'cmake_prefix_path')
[207.561s] INFO:colcon.colcon_core.shell:Creating environment hook '/home/ros12/turtlebot3_ws/install/turtlebot3_gazebo/share/turtlebot3_gazebo/hook/cmake_prefix_path.ps1'
[207.572s] INFO:colcon.colcon_core.shell:Creating environment descriptor '/home/ros12/turtlebot3_ws/install/turtlebot3_gazebo/share/turtlebot3_gazebo/hook/cmake_prefix_path.dsv'
[207.574s] INFO:colcon.colcon_core.shell:Creating environment hook '/home/ros12/turtlebot3_ws/install/turtlebot3_gazebo/share/turtlebot3_gazebo/hook/cmake_prefix_path.sh'
[207.576s] Level 1:colcon.colcon_core.environment:checking '/home/ros12/turtlebot3_ws/install/turtlebot3_gazebo/lib'
[207.576s] Level 1:colcon.colcon_core.environment:checking '/home/ros12/turtlebot3_ws/install/turtlebot3_gazebo/bin'
[207.576s] Level 1:colcon.colcon_core.environment:checking '/home/ros12/turtlebot3_ws/install/turtlebot3_gazebo/lib/pkgconfig/turtlebot3_gazebo.pc'
[207.577s] Level 1:colcon.colcon_core.environment:checking '/home/ros12/turtlebot3_ws/install/turtlebot3_gazebo/lib/python3.10/site-packages'
[207.577s] Level 1:colcon.colcon_core.environment:checking '/home/ros12/turtlebot3_ws/install/turtlebot3_gazebo/bin'
[207.577s] INFO:colcon.colcon_core.shell:Creating package script '/home/ros12/turtlebot3_ws/install/turtlebot3_gazebo/share/turtlebot3_gazebo/package.ps1'
[207.578s] INFO:colcon.colcon_core.shell:Creating package descriptor '/home/ros12/turtlebot3_ws/install/turtlebot3_gazebo/share/turtlebot3_gazebo/package.dsv'
[207.580s] INFO:colcon.colcon_core.shell:Creating package script '/home/ros12/turtlebot3_ws/install/turtlebot3_gazebo/share/turtlebot3_gazebo/package.sh'
[207.582s] INFO:colcon.colcon_core.shell:Creating package script '/home/ros12/turtlebot3_ws/install/turtlebot3_gazebo/share/turtlebot3_gazebo/package.bash'
[207.583s] INFO:colcon.colcon_core.shell:Creating package script '/home/ros12/turtlebot3_ws/install/turtlebot3_gazebo/share/turtlebot3_gazebo/package.zsh'
[207.593s] Level 1:colcon.colcon_core.environment:create_file_with_runtime_dependencies(/home/ros12/turtlebot3_ws/install/turtlebot3_gazebo/share/colcon-core/packages/turtlebot3_gazebo)
[207.597s] INFO:colcon.colcon_ros.task.ament_cmake.build:Building ROS package in '/home/ros12/turtlebot3_ws/src/turtlebot3_simulations/turtlebot3_simulations' with build type 'ament_cmake'
[207.598s] INFO:colcon.colcon_cmake.task.cmake.build:Building CMake package in '/home/ros12/turtlebot3_ws/src/turtlebot3_simulations/turtlebot3_simulations'
[207.598s] INFO:colcon.colcon_core.shell:Skip shell extension 'powershell' for command environment: Not usable outside of PowerShell
[207.598s] DEBUG:colcon.colcon_core.shell:Skip shell extension 'dsv' for command environment
[207.811s] DEBUG:colcon.colcon_core.event_handler.log_command:Invoking command in '/home/ros12/turtlebot3_ws/build/turtlebot3_simulations': AMENT_PREFIX_PATH=/home/ros12/turtlebot3_ws/install/turtlebot3_gazebo:/home/ros12/turtlebot3_ws/install/turtlebot3_fake_node:${AMENT_PREFIX_PATH} CMAKE_PREFIX_PATH=/home/ros12/turtlebot3_ws/install/turtlebot3_gazebo:/home/ros12/turtlebot3_ws/install/turtlebot3_fake_node:/opt/ros/humble /usr/bin/cmake /home/ros12/turtlebot3_ws/src/turtlebot3_simulations/turtlebot3_simulations -DAMENT_CMAKE_SYMLINK_INSTALL=1 -DCMAKE_INSTALL_PREFIX=/home/ros12/turtlebot3_ws/install/turtlebot3_simulations
[212.487s] DEBUG:colcon.colcon_core.event_handler.log_command:Invoked command in '/home/ros12/turtlebot3_ws/build/turtlebot3_simulations' returned '0': AMENT_PREFIX_PATH=/home/ros12/turtlebot3_ws/install/turtlebot3_gazebo:/home/ros12/turtlebot3_ws/install/turtlebot3_fake_node:${AMENT_PREFIX_PATH} CMAKE_PREFIX_PATH=/home/ros12/turtlebot3_ws/install/turtlebot3_gazebo:/home/ros12/turtlebot3_ws/install/turtlebot3_fake_node:/opt/ros/humble /usr/bin/cmake /home/ros12/turtlebot3_ws/src/turtlebot3_simulations/turtlebot3_simulations -DAMENT_CMAKE_SYMLINK_INSTALL=1 -DCMAKE_INSTALL_PREFIX=/home/ros12/turtlebot3_ws/install/turtlebot3_simulations
[212.491s] DEBUG:colcon.colcon_core.event_handler.log_command:Invoking command in '/home/ros12/turtlebot3_ws/build/turtlebot3_simulations': AMENT_PREFIX_PATH=/home/ros12/turtlebot3_ws/install/turtlebot3_gazebo:/home/ros12/turtlebot3_ws/install/turtlebot3_fake_node:${AMENT_PREFIX_PATH} CMAKE_PREFIX_PATH=/home/ros12/turtlebot3_ws/install/turtlebot3_gazebo:/home/ros12/turtlebot3_ws/install/turtlebot3_fake_node:/opt/ros/humble /usr/bin/cmake --build /home/ros12/turtlebot3_ws/build/turtlebot3_simulations -- -j2 -l2
[212.609s] DEBUG:colcon.colcon_core.event_handler.log_command:Invoked command in '/home/ros12/turtlebot3_ws/build/turtlebot3_simulations' returned '0': AMENT_PREFIX_PATH=/home/ros12/turtlebot3_ws/install/turtlebot3_gazebo:/home/ros12/turtlebot3_ws/install/turtlebot3_fake_node:${AMENT_PREFIX_PATH} CMAKE_PREFIX_PATH=/home/ros12/turtlebot3_ws/install/turtlebot3_gazebo:/home/ros12/turtlebot3_ws/install/turtlebot3_fake_node:/opt/ros/humble /usr/bin/cmake --build /home/ros12/turtlebot3_ws/build/turtlebot3_simulations -- -j2 -l2
[212.723s] DEBUG:colcon.colcon_core.event_handler.log_command:Invoking command in '/home/ros12/turtlebot3_ws/build/turtlebot3_simulations': AMENT_PREFIX_PATH=/home/ros12/turtlebot3_ws/install/turtlebot3_gazebo:/home/ros12/turtlebot3_ws/install/turtlebot3_fake_node:${AMENT_PREFIX_PATH} CMAKE_PREFIX_PATH=/home/ros12/turtlebot3_ws/install/turtlebot3_gazebo:/home/ros12/turtlebot3_ws/install/turtlebot3_fake_node:/opt/ros/humble /usr/bin/cmake --install /home/ros12/turtlebot3_ws/build/turtlebot3_simulations
[213.164s] Level 1:colcon.colcon_core.environment:create_environment_scripts_only(turtlebot3_simulations)
[213.164s] DEBUG:colcon.colcon_core.event_handler.log_command:Invoked command in '/home/ros12/turtlebot3_ws/build/turtlebot3_simulations' returned '0': AMENT_PREFIX_PATH=/home/ros12/turtlebot3_ws/install/turtlebot3_gazebo:/home/ros12/turtlebot3_ws/install/turtlebot3_fake_node:${AMENT_PREFIX_PATH} CMAKE_PREFIX_PATH=/home/ros12/turtlebot3_ws/install/turtlebot3_gazebo:/home/ros12/turtlebot3_ws/install/turtlebot3_fake_node:/opt/ros/humble /usr/bin/cmake --install /home/ros12/turtlebot3_ws/build/turtlebot3_simulations
[213.165s] Level 1:colcon.colcon_core.environment:checking '/home/ros12/turtlebot3_ws/install/turtlebot3_simulations' for CMake module files
[213.166s] Level 1:colcon.colcon_core.environment:checking '/home/ros12/turtlebot3_ws/install/turtlebot3_simulations' for CMake config files
[213.166s] Level 1:colcon.colcon_core.shell:create_environment_hook('turtlebot3_simulations', 'cmake_prefix_path')
[213.166s] INFO:colcon.colcon_core.shell:Creating environment hook '/home/ros12/turtlebot3_ws/install/turtlebot3_simulations/share/turtlebot3_simulations/hook/cmake_prefix_path.ps1'
[213.167s] INFO:colcon.colcon_core.shell:Creating environment descriptor '/home/ros12/turtlebot3_ws/install/turtlebot3_simulations/share/turtlebot3_simulations/hook/cmake_prefix_path.dsv'
[213.167s] INFO:colcon.colcon_core.shell:Creating environment hook '/home/ros12/turtlebot3_ws/install/turtlebot3_simulations/share/turtlebot3_simulations/hook/cmake_prefix_path.sh'
[213.168s] Level 1:colcon.colcon_core.environment:checking '/home/ros12/turtlebot3_ws/install/turtlebot3_simulations/bin'
[213.168s] Level 1:colcon.colcon_core.environment:checking '/home/ros12/turtlebot3_ws/install/turtlebot3_simulations/lib/pkgconfig/turtlebot3_simulations.pc'
[213.168s] Level 1:colcon.colcon_core.environment:checking '/home/ros12/turtlebot3_ws/install/turtlebot3_simulations/lib/python3.10/site-packages'
[213.169s] Level 1:colcon.colcon_core.environment:checking '/home/ros12/turtlebot3_ws/install/turtlebot3_simulations/bin'
[213.169s] INFO:colcon.colcon_core.shell:Creating package script '/home/ros12/turtlebot3_ws/install/turtlebot3_simulations/share/turtlebot3_simulations/package.ps1'
[213.170s] INFO:colcon.colcon_core.shell:Creating package descriptor '/home/ros12/turtlebot3_ws/install/turtlebot3_simulations/share/turtlebot3_simulations/package.dsv'
[213.170s] INFO:colcon.colcon_core.shell:Creating package script '/home/ros12/turtlebot3_ws/install/turtlebot3_simulations/share/turtlebot3_simulations/package.sh'
[213.171s] INFO:colcon.colcon_core.shell:Creating package script '/home/ros12/turtlebot3_ws/install/turtlebot3_simulations/share/turtlebot3_simulations/package.bash'
[213.172s] INFO:colcon.colcon_core.shell:Creating package script '/home/ros12/turtlebot3_ws/install/turtlebot3_simulations/share/turtlebot3_simulations/package.zsh'
[213.173s] Level 1:colcon.colcon_core.environment:create_file_with_runtime_dependencies(/home/ros12/turtlebot3_ws/install/turtlebot3_simulations/share/colcon-core/packages/turtlebot3_simulations)
[213.280s] Level 1:colcon.colcon_core.environment:create_environment_scripts_only(turtlebot3_simulations)
[213.281s] Level 1:colcon.colcon_core.environment:checking '/home/ros12/turtlebot3_ws/install/turtlebot3_simulations' for CMake module files
[213.281s] Level 1:colcon.colcon_core.environment:checking '/home/ros12/turtlebot3_ws/install/turtlebot3_simulations' for CMake config files
[213.282s] Level 1:colcon.colcon_core.shell:create_environment_hook('turtlebot3_simulations', 'cmake_prefix_path')
[213.282s] INFO:colcon.colcon_core.shell:Creating environment hook '/home/ros12/turtlebot3_ws/install/turtlebot3_simulations/share/turtlebot3_simulations/hook/cmake_prefix_path.ps1'
[213.285s] INFO:colcon.colcon_core.shell:Creating environment descriptor '/home/ros12/turtlebot3_ws/install/turtlebot3_simulations/share/turtlebot3_simulations/hook/cmake_prefix_path.dsv'
[213.287s] INFO:colcon.colcon_core.shell:Creating environment hook '/home/ros12/turtlebot3_ws/install/turtlebot3_simulations/share/turtlebot3_simulations/hook/cmake_prefix_path.sh'
[213.290s] Level 1:colcon.colcon_core.environment:checking '/home/ros12/turtlebot3_ws/install/turtlebot3_simulations/bin'
[213.290s] Level 1:colcon.colcon_core.environment:checking '/home/ros12/turtlebot3_ws/install/turtlebot3_simulations/lib/pkgconfig/turtlebot3_simulations.pc'
[213.290s] Level 1:colcon.colcon_core.environment:checking '/home/ros12/turtlebot3_ws/install/turtlebot3_simulations/lib/python3.10/site-packages'
[213.290s] Level 1:colcon.colcon_core.environment:checking '/home/ros12/turtlebot3_ws/install/turtlebot3_simulations/bin'
[213.291s] INFO:colcon.colcon_core.shell:Creating package script '/home/ros12/turtlebot3_ws/install/turtlebot3_simulations/share/turtlebot3_simulations/package.ps1'
[213.293s] INFO:colcon.colcon_core.shell:Creating package descriptor '/home/ros12/turtlebot3_ws/install/turtlebot3_simulations/share/turtlebot3_simulations/package.dsv'
[213.296s] INFO:colcon.colcon_core.shell:Creating package script '/home/ros12/turtlebot3_ws/install/turtlebot3_simulations/share/turtlebot3_simulations/package.sh'
[213.299s] INFO:colcon.colcon_core.shell:Creating package script '/home/ros12/turtlebot3_ws/install/turtlebot3_simulations/share/turtlebot3_simulations/package.bash'
[213.301s] INFO:colcon.colcon_core.shell:Creating package script '/home/ros12/turtlebot3_ws/install/turtlebot3_simulations/share/turtlebot3_simulations/package.zsh'
[213.304s] Level 1:colcon.colcon_core.environment:create_file_with_runtime_dependencies(/home/ros12/turtlebot3_ws/install/turtlebot3_simulations/share/colcon-core/packages/turtlebot3_simulations)
[213.306s] DEBUG:colcon.colcon_parallel_executor.executor.parallel:closing loop
[213.308s] DEBUG:colcon.colcon_parallel_executor.executor.parallel:loop closed
[213.308s] DEBUG:colcon.colcon_parallel_executor.executor.parallel:run_until_complete finished with '0'
[213.308s] DEBUG:colcon.colcon_core.event_reactor:joining thread
[215.204s] INFO:colcon.colcon_core.plugin_system:Skipping extension 'colcon_notification.desktop_notification.terminal_notifier': Not used on non-Darwin systems
[215.204s] INFO:colcon.colcon_core.plugin_system:Skipping extension 'colcon_notification.desktop_notification.win32': Not used on non-Windows systems
[215.204s] INFO:colcon.colcon_notification.desktop_notification:Sending desktop notification using 'notify2'
[216.602s] DEBUG:colcon.colcon_core.event_reactor:joined thread
[216.603s] INFO:colcon.colcon_core.shell:Creating prefix script '/home/ros12/turtlebot3_ws/install/local_setup.ps1'
[216.625s] INFO:colcon.colcon_core.shell:Creating prefix util module '/home/ros12/turtlebot3_ws/install/_local_setup_util_ps1.py'
[216.645s] INFO:colcon.colcon_core.shell:Creating prefix chain script '/home/ros12/turtlebot3_ws/install/setup.ps1'
[216.667s] INFO:colcon.colcon_core.shell:Creating prefix script '/home/ros12/turtlebot3_ws/install/local_setup.sh'
[216.689s] INFO:colcon.colcon_core.shell:Creating prefix util module '/home/ros12/turtlebot3_ws/install/_local_setup_util_sh.py'
[216.690s] INFO:colcon.colcon_core.shell:Creating prefix chain script '/home/ros12/turtlebot3_ws/install/setup.sh'
[216.712s] INFO:colcon.colcon_core.shell:Creating prefix script '/home/ros12/turtlebot3_ws/install/local_setup.bash'
[216.718s] INFO:colcon.colcon_core.shell:Creating prefix chain script '/home/ros12/turtlebot3_ws/install/setup.bash'
[216.736s] INFO:colcon.colcon_core.shell:Creating prefix script '/home/ros12/turtlebot3_ws/install/local_setup.zsh'
[216.739s] INFO:colcon.colcon_core.shell:Creating prefix chain script '/home/ros12/turtlebot3_ws/install/setup.zsh'
